android/app/build/intermediates/manifest_merge_blame_file/release/processReleaseMainManifest/manifest-merger-blame-release-report.txt
1<?xml version="1.0" encoding="utf-8"?>
2<manifest xmlns:android="http://schemas.android.com/apk/res/android"
3    package="com.aida.blockpuzzle"
4    android:versionCode="1"
5    android:versionName="1.0" >
6
7    <uses-sdk
8        android:minSdkVersion="24"
9        android:targetSdkVersion="36" />
10
11    <uses-permission android:name="android.permission.INTERNET" />
11-->src\main\AndroidManifest.xml:41:5-67
11-->src\main\AndroidManifest.xml:41:22-64
12    <uses-permission android:name="android.permission.ACCESS_NETWORK_STATE" />
12-->src\main\AndroidManifest.xml:42:5-79
12-->src\main\AndroidManifest.xml:42:22-76
13    <uses-permission android:name="com.google.android.gms.permission.AD_ID" />
13-->src\main\AndroidManifest.xml:43:5-78
13-->src\main\AndroidManifest.xml:43:22-76
14    <uses-permission android:name="android.permission.ACCESS_ADSERVICES_AD_ID" />
14-->[com.google.android.gms:play-services-ads-api:24.9.0] AndroidManifest.xml:27:5-82
14-->[com.google.android.gms:play-services-ads-api:24.9.0] AndroidManifest.xml:27:22-79
15    <uses-permission android:name="android.permission.ACCESS_ADSERVICES_ATTRIBUTION" />
15-->[com.google.android.gms:play-services-ads-api:24.9.0] AndroidManifest.xml:28:5-88
15-->[com.google.android.gms:play-services-ads-api:24.9.0] AndroidManifest.xml:28:22-85
16    <uses-permission android:name="android.permission.ACCESS_ADSERVICES_TOPICS" /> <!-- Android package visibility setting -->
16-->[com.google.android.gms:play-services-ads-api:24.9.0] AndroidManifest.xml:29:5-83
16-->[com.google.android.gms:play-services-ads-api:24.9.0] AndroidManifest.xml:29:22-80
17    <queries>
17-->[com.google.android.gms:play-services-ads-api:24.9.0] AndroidManifest.xml:35:5-68:15
18
19        <!-- For browser content -->
20        <intent>
20-->[com.google.android.gms:play-services-ads-api:24.9.0] AndroidManifest.xml:38:9-44:18
21            <action android:name="android.intent.action.VIEW" />
21-->[com.google.android.gms:play-services-ads-api:24.9.0] AndroidManifest.xml:39:13-65
21-->[com.google.android.gms:play-services-ads-api:24.9.0] AndroidManifest.xml:39:21-62
22
23            <category android:name="android.intent.category.BROWSABLE" />
23-->[com.google.android.gms:play-services-ads-api:24.9.0] AndroidManifest.xml:41:13-74
23-->[com.google.android.gms:play-services-ads-api:24.9.0] AndroidManifest.xml:41:23-71
24
25            <data android:scheme="https" />
25-->[com.google.android.gms:play-services-ads-api:24.9.0] AndroidManifest.xml:43:13-44
25-->[com.google.android.gms:play-services-ads-api:24.9.0] AndroidManifest.xml:43:19-41
26        </intent>
27        <!-- End of browser content -->
28        <!-- For CustomTabsService -->
29        <intent>
29-->[com.google.android.gms:play-services-ads-api:24.9.0] AndroidManifest.xml:47:9-49:18
30            <action android:name="android.support.customtabs.action.CustomTabsService" />
30-->[com.google.android.gms:play-services-ads-api:24.9.0] AndroidManifest.xml:48:13-90
30-->[com.google.android.gms:play-services-ads-api:24.9.0] AndroidManifest.xml:48:21-87
31        </intent>
32        <!-- End of CustomTabsService -->
33        <!-- For MRAID capabilities -->
34        <intent>
34-->[com.google.android.gms:play-services-ads-api:24.9.0] AndroidManifest.xml:52:9-56:18
35            <action android:name="android.intent.action.INSERT" />
35-->[com.google.android.gms:play-services-ads-api:24.9.0] AndroidManifest.xml:53:13-67
35-->[com.google.android.gms:play-services-ads-api:24.9.0] AndroidManifest.xml:53:21-64
36
37            <data android:mimeType="vnd.android.cursor.dir/event" />
37-->[com.google.android.gms:play-services-ads-api:24.9.0] AndroidManifest.xml:43:13-44
38        </intent>
39        <intent>
39-->[com.google.android.gms:play-services-ads-api:24.9.0] AndroidManifest.xml:57:9-61:18
40            <action android:name="android.intent.action.VIEW" />
40-->[com.google.android.gms:play-services-ads-api:24.9.0] AndroidManifest.xml:39:13-65
40-->[com.google.android.gms:play-services-ads-api:24.9.0] AndroidManifest.xml:39:21-62
41
42            <data android:scheme="sms" />
42-->[com.google.android.gms:play-services-ads-api:24.9.0] AndroidManifest.xml:43:13-44
42-->[com.google.android.gms:play-services-ads-api:24.9.0] AndroidManifest.xml:43:19-41
43        </intent>
44        <intent>
44-->[com.google.android.gms:play-services-ads-api:24.9.0] AndroidManifest.xml:62:9-66:18
45            <action android:name="android.intent.action.DIAL" />
45-->[com.google.android.gms:play-services-ads-api:24.9.0] AndroidManifest.xml:63:13-65
45-->[com.google.android.gms:play-services-ads-api:24.9.0] AndroidManifest.xml:63:21-62
46
47            <data android:path="tel:" />
47-->[com.google.android.gms:play-services-ads-api:24.9.0] AndroidManifest.xml:43:13-44
48        </intent>
49        <!-- End of MRAID capabilities -->
50    </queries>
51
52    <uses-permission android:name="android.permission.WAKE_LOCK" />
52-->[com.google.android.gms:play-services-measurement-sdk-api:20.1.2] AndroidManifest.xml:25:5-68
52-->[com.google.android.gms:play-services-measurement-sdk-api:20.1.2] AndroidManifest.xml:25:22-65
53    <uses-permission android:name="android.permission.FOREGROUND_SERVICE" />
53-->[androidx.work:work-runtime:2.7.0] AndroidManifest.xml:28:5-77
53-->[androidx.work:work-runtime:2.7.0] AndroidManifest.xml:28:22-74
54
55    <permission
55-->[androidx.core:core:1.17.0] AndroidManifest.xml:22:5-24:47
56        android:name="com.aida.blockpuzzle.DYNAMIC_RECEIVER_NOT_EXPORTED_PERMISSION"
56-->[androidx.core:core:1.17.0] AndroidManifest.xml:23:9-81
57        android:protectionLevel="signature" />
57-->[androidx.core:core:1.17.0] AndroidManifest.xml:24:9-44
58
59    <uses-permission android:name="com.aida.blockpuzzle.DYNAMIC_RECEIVER_NOT_EXPORTED_PERMISSION" />
59-->[androidx.core:core:1.17.0] AndroidManifest.xml:26:5-97
59-->[androidx.core:core:1.17.0] AndroidManifest.xml:26:22-94
60
61    <application
61-->src\main\AndroidManifest.xml:4:5-39:19
62        android:allowBackup="true"
62-->src\main\AndroidManifest.xml:5:13-39
63        android:appComponentFactory="androidx.core.app.CoreComponentFactory"
63-->[androidx.core:core:1.17.0] AndroidManifest.xml:28:18-86
64        android:extractNativeLibs="false"
65        android:hardwareAccelerated="true"
65-->src\main\AndroidManifest.xml:11:13-47
66        android:icon="@mipmap/ic_launcher"
66-->src\main\AndroidManifest.xml:6:13-47
67        android:label="@string/app_name"
67-->src\main\AndroidManifest.xml:7:13-45
68        android:roundIcon="@mipmap/ic_launcher_round"
68-->src\main\AndroidManifest.xml:8:13-58
69        android:supportsRtl="true"
69-->src\main\AndroidManifest.xml:9:13-39
70        android:theme="@style/AppTheme" >
70-->src\main\AndroidManifest.xml:10:13-44
71        <meta-data
71-->src\main\AndroidManifest.xml:13:9-15:73
72            android:name="com.google.android.gms.ads.APPLICATION_ID"
72-->src\main\AndroidManifest.xml:14:17-73
73            android:value="ca-app-pub-2296093498264168~1208150471" />
73-->src\main\AndroidManifest.xml:15:17-71
74
75        <activity
75-->src\main\AndroidManifest.xml:17:9-28:20
76            android:name="com.aida.blockpuzzle.MainActivity"
76-->src\main\AndroidManifest.xml:19:17-45
77            android:configChanges="orientation|keyboardHidden|keyboard|screenSize|locale|smallestScreenSize|screenLayout|uiMode|navigation|density"
77-->src\main\AndroidManifest.xml:18:17-152
78            android:exported="true"
78-->src\main\AndroidManifest.xml:23:17-40
79            android:label="@string/title_activity_main"
79-->src\main\AndroidManifest.xml:20:17-60
80            android:launchMode="singleTask"
80-->src\main\AndroidManifest.xml:22:17-48
81            android:theme="@style/AppTheme.NoActionBarLaunch" >
81-->src\main\AndroidManifest.xml:21:17-66
82            <intent-filter>
82-->src\main\AndroidManifest.xml:24:13-27:29
83                <action android:name="android.intent.action.MAIN" />
83-->src\main\AndroidManifest.xml:25:17-69
83-->src\main\AndroidManifest.xml:25:25-66
84
85                <category android:name="android.intent.category.LAUNCHER" />
85-->src\main\AndroidManifest.xml:26:17-77
85-->src\main\AndroidManifest.xml:26:27-74
86            </intent-filter>
87        </activity>
88
89        <provider
90            android:name="androidx.core.content.FileProvider"
90-->src\main\AndroidManifest.xml:31:17-66
91            android:authorities="com.aida.blockpuzzle.fileprovider"
91-->src\main\AndroidManifest.xml:32:17-68
92            android:exported="false"
92-->src\main\AndroidManifest.xml:33:17-41
93            android:grantUriPermissions="true" >
93-->src\main\AndroidManifest.xml:34:17-51
94            <meta-data
94-->src\main\AndroidManifest.xml:35:13-37:68
95                android:name="android.support.FILE_PROVIDER_PATHS"
95-->src\main\AndroidManifest.xml:36:21-71
96                android:resource="@xml/file_paths" />
96-->src\main\AndroidManifest.xml:37:21-55
97        </provider>
98        <!-- Include the AdActivity and InAppPurchaseActivity configChanges and themes. -->
99        <activity
99-->[com.google.android.gms:play-services-ads-api:24.9.0] AndroidManifest.xml:73:9-79:43
100            android:name="com.google.android.gms.ads.AdActivity"
100-->[com.google.android.gms:play-services-ads-api:24.9.0] AndroidManifest.xml:74:13-65
101            android:configChanges="keyboard|keyboardHidden|orientation|screenLayout|uiMode|screenSize|smallestScreenSize"
101-->[com.google.android.gms:play-services-ads-api:24.9.0] AndroidManifest.xml:75:13-122
102            android:enableOnBackInvokedCallback="false"
102-->[com.google.android.gms:play-services-ads-api:24.9.0] AndroidManifest.xml:76:13-56
103            android:exported="false"
103-->[com.google.android.gms:play-services-ads-api:24.9.0] AndroidManifest.xml:77:13-37
104            android:theme="@android:style/Theme.Translucent" />
104-->[com.google.android.gms:play-services-ads-api:24.9.0] AndroidManifest.xml:78:13-61
105
106        <provider
106-->[com.google.android.gms:play-services-ads-api:24.9.0] AndroidManifest.xml:81:9-86:43
107            android:name="com.google.android.gms.ads.MobileAdsInitProvider"
107-->[com.google.android.gms:play-services-ads-api:24.9.0] AndroidManifest.xml:82:13-76
108            android:authorities="com.aida.blockpuzzle.mobileadsinitprovider"
108-->[com.google.android.gms:play-services-ads-api:24.9.0] AndroidManifest.xml:83:13-73
109            android:exported="false"
109-->[com.google.android.gms:play-services-ads-api:24.9.0] AndroidManifest.xml:84:13-37
110            android:initOrder="100" />
110-->[com.google.android.gms:play-services-ads-api:24.9.0] AndroidManifest.xml:85:13-36
111
112        <service
112-->[com.google.android.gms:play-services-ads-api:24.9.0] AndroidManifest.xml:88:9-92:43
113            android:name="com.google.android.gms.ads.AdService"
113-->[com.google.android.gms:play-services-ads-api:24.9.0] AndroidManifest.xml:89:13-64
114            android:enabled="true"
114-->[com.google.android.gms:play-services-ads-api:24.9.0] AndroidManifest.xml:90:13-35
115            android:exported="false" />
115-->[com.google.android.gms:play-services-ads-api:24.9.0] AndroidManifest.xml:91:13-37
116
117        <activity
117-->[com.google.android.gms:play-services-ads-api:24.9.0] AndroidManifest.xml:94:9-98:43
118            android:name="com.google.android.gms.ads.OutOfContextTestingActivity"
118-->[com.google.android.gms:play-services-ads-api:24.9.0] AndroidManifest.xml:95:13-82
119            android:configChanges="keyboard|keyboardHidden|orientation|screenLayout|uiMode|screenSize|smallestScreenSize"
119-->[com.google.android.gms:play-services-ads-api:24.9.0] AndroidManifest.xml:96:13-122
120            android:exported="false" />
120-->[com.google.android.gms:play-services-ads-api:24.9.0] AndroidManifest.xml:97:13-37
121        <activity
121-->[com.google.android.gms:play-services-ads-api:24.9.0] AndroidManifest.xml:99:9-106:43
122            android:name="com.google.android.gms.ads.NotificationHandlerActivity"
122-->[com.google.android.gms:play-services-ads-api:24.9.0] AndroidManifest.xml:100:13-82
123            android:excludeFromRecents="true"
123-->[com.google.android.gms:play-services-ads-api:24.9.0] AndroidManifest.xml:101:13-46
124            android:exported="false"
124-->[com.google.android.gms:play-services-ads-api:24.9.0] AndroidManifest.xml:102:13-37
125            android:launchMode="singleTask"
125-->[com.google.android.gms:play-services-ads-api:24.9.0] AndroidManifest.xml:103:13-44
126            android:taskAffinity=""
126-->[com.google.android.gms:play-services-ads-api:24.9.0] AndroidManifest.xml:104:13-36
127            android:theme="@android:style/Theme.Translucent.NoTitleBar" />
127-->[com.google.android.gms:play-services-ads-api:24.9.0] AndroidManifest.xml:105:13-72
128
129        <meta-data
129-->[com.google.android.gms:play-services-ads-api:24.9.0] AndroidManifest.xml:108:9-110:36
130            android:name="com.google.android.gms.ads.flag.OPTIMIZE_AD_LOADING"
130-->[com.google.android.gms:play-services-ads-api:24.9.0] AndroidManifest.xml:109:13-79
131            android:value="true" />
131-->[com.google.android.gms:play-services-ads-api:24.9.0] AndroidManifest.xml:110:13-33
132        <meta-data
132-->[com.google.android.gms:play-services-ads-api:24.9.0] AndroidManifest.xml:111:9-113:36
133            android:name="com.google.android.gms.ads.flag.OPTIMIZE_INITIALIZATION"
133-->[com.google.android.gms:play-services-ads-api:24.9.0] AndroidManifest.xml:112:13-83
134            android:value="true" />
134-->[com.google.android.gms:play-services-ads-api:24.9.0] AndroidManifest.xml:113:13-33
135
136        <activity
136-->[com.google.android.gms:play-services-base:18.0.0] AndroidManifest.xml:20:9-22:45
137            android:name="com.google.android.gms.common.api.GoogleApiActivity"
137-->[com.google.android.gms:play-services-base:18.0.0] AndroidManifest.xml:20:19-85
138            android:exported="false"
138-->[com.google.android.gms:play-services-base:18.0.0] AndroidManifest.xml:22:19-43
139            android:theme="@android:style/Theme.Translucent.NoTitleBar" />
139-->[com.google.android.gms:play-services-base:18.0.0] AndroidManifest.xml:21:19-78
140
141        <meta-data
141-->[com.google.android.gms:play-services-basement:18.9.0] AndroidManifest.xml:21:9-23:69
142            android:name="com.google.android.gms.version"
142-->[com.google.android.gms:play-services-basement:18.9.0] AndroidManifest.xml:22:13-58
143            android:value="@integer/google_play_services_version" />
143-->[com.google.android.gms:play-services-basement:18.9.0] AndroidManifest.xml:23:13-66
144
145        <provider
145-->[androidx.emoji2:emoji2:1.3.0] AndroidManifest.xml:24:9-32:20
146            android:name="androidx.startup.InitializationProvider"
146-->[androidx.emoji2:emoji2:1.3.0] AndroidManifest.xml:25:13-67
147            android:authorities="com.aida.blockpuzzle.androidx-startup"
147-->[androidx.emoji2:emoji2:1.3.0] AndroidManifest.xml:26:13-68
148            android:exported="false" >
148-->[androidx.emoji2:emoji2:1.3.0] AndroidManifest.xml:27:13-37
149            <meta-data
149-->[androidx.emoji2:emoji2:1.3.0] AndroidManifest.xml:29:13-31:52
150                android:name="androidx.emoji2.text.EmojiCompatInitializer"
150-->[androidx.emoji2:emoji2:1.3.0] AndroidManifest.xml:30:17-75
151                android:value="androidx.startup" />
151-->[androidx.emoji2:emoji2:1.3.0] AndroidManifest.xml:31:17-49
152            <meta-data
152-->[androidx.work:work-runtime:2.7.0] AndroidManifest.xml:36:13-38:52
153                android:name="androidx.work.WorkManagerInitializer"
153-->[androidx.work:work-runtime:2.7.0] AndroidManifest.xml:37:17-68
154                android:value="androidx.startup" />
154-->[androidx.work:work-runtime:2.7.0] AndroidManifest.xml:38:17-49
155            <meta-data
155-->[androidx.lifecycle:lifecycle-process:2.6.2] AndroidManifest.xml:29:13-31:52
156                android:name="androidx.lifecycle.ProcessLifecycleInitializer"
156-->[androidx.lifecycle:lifecycle-process:2.6.2] AndroidManifest.xml:30:17-78
157                android:value="androidx.startup" />
157-->[androidx.lifecycle:lifecycle-process:2.6.2] AndroidManifest.xml:31:17-49
158            <meta-data
158-->[androidx.profileinstaller:profileinstaller:1.4.0] AndroidManifest.xml:29:13-31:52
159                android:name="androidx.profileinstaller.ProfileInstallerInitializer"
159-->[androidx.profileinstaller:profileinstaller:1.4.0] AndroidManifest.xml:30:17-85
160                android:value="androidx.startup" />
160-->[androidx.profileinstaller:profileinstaller:1.4.0] AndroidManifest.xml:31:17-49
161        </provider>
162
163        <uses-library
163-->[androidx.privacysandbox.ads:ads-adservices:1.0.0-beta05] AndroidManifest.xml:23:9-25:40
164            android:name="android.ext.adservices"
164-->[androidx.privacysandbox.ads:ads-adservices:1.0.0-beta05] AndroidManifest.xml:24:13-50
165            android:required="false" />
165-->[androidx.privacysandbox.ads:ads-adservices:1.0.0-beta05] AndroidManifest.xml:25:13-37
166
167        <service
167-->[androidx.work:work-runtime:2.7.0] AndroidManifest.xml:41:9-46:35
168            android:name="androidx.work.impl.background.systemalarm.SystemAlarmService"
168-->[androidx.work:work-runtime:2.7.0] AndroidManifest.xml:42:13-88
169            android:directBootAware="false"
169-->[androidx.work:work-runtime:2.7.0] AndroidManifest.xml:43:13-44
170            android:enabled="@bool/enable_system_alarm_service_default"
170-->[androidx.work:work-runtime:2.7.0] AndroidManifest.xml:44:13-72
171            android:exported="false" />
171-->[androidx.work:work-runtime:2.7.0] AndroidManifest.xml:45:13-37
172        <service
172-->[androidx.work:work-runtime:2.7.0] AndroidManifest.xml:47:9-53:35
173            android:name="androidx.work.impl.background.systemjob.SystemJobService"
173-->[androidx.work:work-runtime:2.7.0] AndroidManifest.xml:48:13-84
174            android:directBootAware="false"
174-->[androidx.work:work-runtime:2.7.0] AndroidManifest.xml:49:13-44
175            android:enabled="@bool/enable_system_job_service_default"
175-->[androidx.work:work-runtime:2.7.0] AndroidManifest.xml:50:13-70
176            android:exported="true"
176-->[androidx.work:work-runtime:2.7.0] AndroidManifest.xml:51:13-36
177            android:permission="android.permission.BIND_JOB_SERVICE" />
177-->[androidx.work:work-runtime:2.7.0] AndroidManifest.xml:52:13-69
178        <service
178-->[androidx.work:work-runtime:2.7.0] AndroidManifest.xml:54:9-59:35
179            android:name="androidx.work.impl.foreground.SystemForegroundService"
179-->[androidx.work:work-runtime:2.7.0] AndroidManifest.xml:55:13-81
180            android:directBootAware="false"
180-->[androidx.work:work-runtime:2.7.0] AndroidManifest.xml:56:13-44
181            android:enabled="@bool/enable_system_foreground_service_default"
181-->[androidx.work:work-runtime:2.7.0] AndroidManifest.xml:57:13-77
182            android:exported="false" />
182-->[androidx.work:work-runtime:2.7.0] AndroidManifest.xml:58:13-37
183
184        <receiver
184-->[androidx.work:work-runtime:2.7.0] AndroidManifest.xml:61:9-66:35
185            android:name="androidx.work.impl.utils.ForceStopRunnable$BroadcastReceiver"
185-->[androidx.work:work-runtime:2.7.0] AndroidManifest.xml:62:13-88
186            android:directBootAware="false"
186-->[androidx.work:work-runtime:2.7.0] AndroidManifest.xml:63:13-44
187            android:enabled="true"
187-->[androidx.work:work-runtime:2.7.0] AndroidManifest.xml:64:13-35
188            android:exported="false" />
188-->[androidx.work:work-runtime:2.7.0] AndroidManifest.xml:65:13-37
189        <receiver
189-->[androidx.work:work-runtime:2.7.0] AndroidManifest.xml:67:9-77:20
190            android:name="androidx.work.impl.background.systemalarm.ConstraintProxy$BatteryChargingProxy"
190-->[androidx.work:work-runtime:2.7.0] AndroidManifest.xml:68:13-106
191            android:directBootAware="false"
191-->[androidx.work:work-runtime:2.7.0] AndroidManifest.xml:69:13-44
192            android:enabled="false"
192-->[androidx.work:work-runtime:2.7.0] AndroidManifest.xml:70:13-36
193            android:exported="false" >
193-->[androidx.work:work-runtime:2.7.0] AndroidManifest.xml:71:13-37
194            <intent-filter>
194-->[androidx.work:work-runtime:2.7.0] AndroidManifest.xml:73:13-76:29
195                <action android:name="android.intent.action.ACTION_POWER_CONNECTED" />
195-->[androidx.work:work-runtime:2.7.0] AndroidManifest.xml:74:17-87
195-->[androidx.work:work-runtime:2.7.0] AndroidManifest.xml:74:25-84
196                <action android:name="android.intent.action.ACTION_POWER_DISCONNECTED" />
196-->[androidx.work:work-runtime:2.7.0] AndroidManifest.xml:75:17-90
196-->[androidx.work:work-runtime:2.7.0] AndroidManifest.xml:75:25-87
197            </intent-filter>
198        </receiver>
199        <receiver
199-->[androidx.work:work-runtime:2.7.0] AndroidManifest.xml:78:9-88:20
200            android:name="androidx.work.impl.background.systemalarm.ConstraintProxy$BatteryNotLowProxy"
200-->[androidx.work:work-runtime:2.7.0] AndroidManifest.xml:79:13-104
201            android:directBootAware="false"
201-->[androidx.work:work-runtime:2.7.0] AndroidManifest.xml:80:13-44
202            android:enabled="false"
202-->[androidx.work:work-runtime:2.7.0] AndroidManifest.xml:81:13-36
203            android:exported="false" >
203-->[androidx.work:work-runtime:2.7.0] AndroidManifest.xml:82:13-37
204            <intent-filter>
204-->[androidx.work:work-runtime:2.7.0] AndroidManifest.xml:84:13-87:29
205                <action android:name="android.intent.action.BATTERY_OKAY" />
205-->[androidx.work:work-runtime:2.7.0] AndroidManifest.xml:85:17-77
205-->[androidx.work:work-runtime:2.7.0] AndroidManifest.xml:85:25-74
206                <action android:name="android.intent.action.BATTERY_LOW" />
206-->[androidx.work:work-runtime:2.7.0] AndroidManifest.xml:86:17-76
206-->[androidx.work:work-runtime:2.7.0] AndroidManifest.xml:86:25-73
207            </intent-filter>
208        </receiver>
209        <receiver
209-->[androidx.work:work-runtime:2.7.0] AndroidManifest.xml:89:9-99:20
210            android:name="androidx.work.impl.background.systemalarm.ConstraintProxy$StorageNotLowProxy"
210-->[androidx.work:work-runtime:2.7.0] AndroidManifest.xml:90:13-104
211            android:directBootAware="false"
211-->[androidx.work:work-runtime:2.7.0] AndroidManifest.xml:91:13-44
212            android:enabled="false"
212-->[androidx.work:work-runtime:2.7.0] AndroidManifest.xml:92:13-36
213            android:exported="false" >
213-->[androidx.work:work-runtime:2.7.0] AndroidManifest.xml:93:13-37
214            <intent-filter>
214-->[androidx.work:work-runtime:2.7.0] AndroidManifest.xml:95:13-98:29
215                <action android:name="android.intent.action.DEVICE_STORAGE_LOW" />
215-->[androidx.work:work-runtime:2.7.0] AndroidManifest.xml:96:17-83
215-->[androidx.work:work-runtime:2.7.0] AndroidManifest.xml:96:25-80
216                <action android:name="android.intent.action.DEVICE_STORAGE_OK" />
216-->[androidx.work:work-runtime:2.7.0] AndroidManifest.xml:97:17-82
216-->[androidx.work:work-runtime:2.7.0] AndroidManifest.xml:97:25-79
217            </intent-filter>
218        </receiver>
219        <receiver
219-->[androidx.work:work-runtime:2.7.0] AndroidManifest.xml:100:9-109:20
220            android:name="androidx.work.impl.background.systemalarm.ConstraintProxy$NetworkStateProxy"
220-->[androidx.work:work-runtime:2.7.0] AndroidManifest.xml:101:13-103
221            android:directBootAware="false"
221-->[androidx.work:work-runtime:2.7.0] AndroidManifest.xml:102:13-44
222            android:enabled="false"
222-->[androidx.work:work-runtime:2.7.0] AndroidManifest.xml:103:13-36
223            android:exported="false" >
223-->[androidx.work:work-runtime:2.7.0] AndroidManifest.xml:104:13-37
224            <intent-filter>
224-->[androidx.work:work-runtime:2.7.0] AndroidManifest.xml:106:13-108:29
225                <action android:name="android.net.conn.CONNECTIVITY_CHANGE" />
225-->[androidx.work:work-runtime:2.7.0] AndroidManifest.xml:107:17-79
225-->[androidx.work:work-runtime:2.7.0] AndroidManifest.xml:107:25-76
226            </intent-filter>
227        </receiver>
228        <receiver
228-->[androidx.work:work-runtime:2.7.0] AndroidManifest.xml:110:9-121:20
229            android:name="androidx.work.impl.background.systemalarm.RescheduleReceiver"
229-->[androidx.work:work-runtime:2.7.0] AndroidManifest.xml:111:13-88
230            android:directBootAware="false"
230-->[androidx.work:work-runtime:2.7.0] AndroidManifest.xml:112:13-44
231            android:enabled="false"
231-->[androidx.work:work-runtime:2.7.0] AndroidManifest.xml:113:13-36
232            android:exported="false" >
232-->[androidx.work:work-runtime:2.7.0] AndroidManifest.xml:114:13-37
233            <intent-filter>
233-->[androidx.work:work-runtime:2.7.0] AndroidManifest.xml:116:13-120:29
234                <action android:name="android.intent.action.BOOT_COMPLETED" />
234-->[androidx.work:work-runtime:2.7.0] AndroidManifest.xml:117:17-79
234-->[androidx.work:work-runtime:2.7.0] AndroidManifest.xml:117:25-76
235                <action android:name="android.intent.action.TIME_SET" />
235-->[androidx.work:work-runtime:2.7.0] AndroidManifest.xml:118:17-73
235-->[androidx.work:work-runtime:2.7.0] AndroidManifest.xml:118:25-70
236                <action android:name="android.intent.action.TIMEZONE_CHANGED" />
236-->[androidx.work:work-runtime:2.7.0] AndroidManifest.xml:119:17-81
236-->[androidx.work:work-runtime:2.7.0] AndroidManifest.xml:119:25-78
237            </intent-filter>
238        </receiver>
239        <receiver
239-->[androidx.work:work-runtime:2.7.0] AndroidManifest.xml:122:9-131:20
240            android:name="androidx.work.impl.background.systemalarm.ConstraintProxyUpdateReceiver"
240-->[androidx.work:work-runtime:2.7.0] AndroidManifest.xml:123:13-99
241            android:directBootAware="false"
241-->[androidx.work:work-runtime:2.7.0] AndroidManifest.xml:124:13-44
242            android:enabled="@bool/enable_system_alarm_service_default"
242-->[androidx.work:work-runtime:2.7.0] AndroidManifest.xml:125:13-72
243            android:exported="false" >
243-->[androidx.work:work-runtime:2.7.0] AndroidManifest.xml:126:13-37
244            <intent-filter>
244-->[androidx.work:work-runtime:2.7.0] AndroidManifest.xml:128:13-130:29
245                <action android:name="androidx.work.impl.background.systemalarm.UpdateProxies" />
245-->[androidx.work:work-runtime:2.7.0] AndroidManifest.xml:129:17-98
245-->[androidx.work:work-runtime:2.7.0] AndroidManifest.xml:129:25-95
246            </intent-filter>
247        </receiver>
248        <receiver
248-->[androidx.work:work-runtime:2.7.0] AndroidManifest.xml:132:9-142:20
249            android:name="androidx.work.impl.diagnostics.DiagnosticsReceiver"
249-->[androidx.work:work-runtime:2.7.0] AndroidManifest.xml:133:13-78
250            android:directBootAware="false"
250-->[androidx.work:work-runtime:2.7.0] AndroidManifest.xml:134:13-44
251            android:enabled="true"
251-->[androidx.work:work-runtime:2.7.0] AndroidManifest.xml:135:13-35
252            android:exported="true"
252-->[androidx.work:work-runtime:2.7.0] AndroidManifest.xml:136:13-36
253            android:permission="android.permission.DUMP" >
253-->[androidx.work:work-runtime:2.7.0] AndroidManifest.xml:137:13-57
254            <intent-filter>
254-->[androidx.work:work-runtime:2.7.0] AndroidManifest.xml:139:13-141:29
255                <action android:name="androidx.work.diagnostics.REQUEST_DIAGNOSTICS" />
255-->[androidx.work:work-runtime:2.7.0] AndroidManifest.xml:140:17-88
255-->[androidx.work:work-runtime:2.7.0] AndroidManifest.xml:140:25-85
256            </intent-filter>
257        </receiver>
258        <receiver
258-->[androidx.profileinstaller:profileinstaller:1.4.0] AndroidManifest.xml:34:9-52:20
259            android:name="androidx.profileinstaller.ProfileInstallReceiver"
259-->[androidx.profileinstaller:profileinstaller:1.4.0] AndroidManifest.xml:35:13-76
260            android:directBootAware="false"
260-->[androidx.profileinstaller:profileinstaller:1.4.0] AndroidManifest.xml:36:13-44
261            android:enabled="true"
261-->[androidx.profileinstaller:profileinstaller:1.4.0] AndroidManifest.xml:37:13-35
262            android:exported="true"
262-->[androidx.profileinstaller:profileinstaller:1.4.0] AndroidManifest.xml:38:13-36
263            android:permission="android.permission.DUMP" >
263-->[androidx.profileinstaller:profileinstaller:1.4.0] AndroidManifest.xml:39:13-57
264            <intent-filter>
264-->[androidx.profileinstaller:profileinstaller:1.4.0] AndroidManifest.xml:40:13-42:29
265                <action android:name="androidx.profileinstaller.action.INSTALL_PROFILE" />
265-->[androidx.profileinstaller:profileinstaller:1.4.0] AndroidManifest.xml:41:17-91
265-->[androidx.profileinstaller:profileinstaller:1.4.0] AndroidManifest.xml:41:25-88
266            </intent-filter>
267            <intent-filter>
267-->[androidx.profileinstaller:profileinstaller:1.4.0] AndroidManifest.xml:43:13-45:29
268                <action android:name="androidx.profileinstaller.action.SKIP_FILE" />
268-->[androidx.profileinstaller:profileinstaller:1.4.0] AndroidManifest.xml:44:17-85
268-->[androidx.profileinstaller:profileinstaller:1.4.0] AndroidManifest.xml:44:25-82
269            </intent-filter>
270            <intent-filter>
270-->[androidx.profileinstaller:profileinstaller:1.4.0] AndroidManifest.xml:46:13-48:29
271                <action android:name="androidx.profileinstaller.action.SAVE_PROFILE" />